::1 - - [13/Jan/2020:11:59:05 +0000] "POST /signin HTTP/1.1" 401 34
::1 - - [13/Jan/2020:11:59:43 +0000] "POST /signin HTTP/1.1" 401 34 "-" "PostmanRuntime/7.21.0"
::1 - - [13/Jan/2020:11:59:59 +0000] "POST /signin HTTP/1.1" 401 34 "-" "PostmanRuntime/7.21.0"
::1 - - [13/Jan/2020:12:00:08 +0000] "POST /signin HTTP/1.1" 401 34 "-" "PostmanRuntime/7.21.0"
::1 - - [13/Jan/2020:13:29:39 +0000] "POST /signin HTTP/1.1" 401 34 "-" "PostmanRuntime/7.21.0"
::1 - - [13/Jan/2020:13:29:47 +0000] "POST /signin HTTP/1.1" 401 34 "-" "PostmanRuntime/7.21.0"
::1 - - [13/Jan/2020:17:39:25 +0000] "GET /favicon.ico HTTP/1.1" 404 150 "http://localhost:3000/" "Mozilla/5.0 (Windows NT 10.0; Win64; x64) AppleWebKit/537.36 (KHTML, like Gecko) Chrome/79.0.3945.117 Safari/537.36"
::1 - - [13/Jan/2020:17:40:17 +0000] "GET /users/1 HTTP/1.1" 404 146 "-" "Mozilla/5.0 (Windows NT 10.0; Win64; x64) AppleWebKit/537.36 (KHTML, like Gecko) Chrome/79.0.3945.117 Safari/537.36"
::1 - - [13/Jan/2020:17:40:22 +0000] "GET /users/2 HTTP/1.1" 404 146 "-" "Mozilla/5.0 (Windows NT 10.0; Win64; x64) AppleWebKit/537.36 (KHTML, like Gecko) Chrome/79.0.3945.117 Safari/537.36"
::1 - - [13/Jan/2020:17:40:28 +0000] "GET /user/2 HTTP/1.1" 500 184 "-" "Mozilla/5.0 (Windows NT 10.0; Win64; x64) AppleWebKit/537.36 (KHTML, like Gecko) Chrome/79.0.3945.117 Safari/537.36"
::1 - - [13/Jan/2020:17:40:37 +0000] "GET /user/2 HTTP/1.1" 500 184 "-" "Mozilla/5.0 (Windows NT 10.0; Win64; x64) AppleWebKit/537.36 (KHTML, like Gecko) Chrome/79.0.3945.117 Safari/537.36"
::1 - - [13/Jan/2020:17:43:35 +0000] "GET /user/5e0fb0435e40de3a5c2bee45 HTTP/1.1" 404 168 "-" "Mozilla/5.0 (Windows NT 10.0; Win64; x64) AppleWebKit/537.36 (KHTML, like Gecko) Chrome/79.0.3945.117 Safari/537.36"
::1 - - [14/Jan/2020:10:01:26 +0000] "GET /products HTTP/1.1" 404 147 "-" "PostmanRuntime/7.21.0"
::1 - - [14/Jan/2020:10:01:44 +0000] "GET /api/v1.0/products HTTP/1.1" 500 2175 "-" "PostmanRuntime/7.21.0"
::1 - - [14/Jan/2020:10:17:08 +0000] "GET /api/v1.0/products1 HTTP/1.1" 404 43 "-" "PostmanRuntime/7.21.0"
::1 - - [14/Jan/2020:10:17:56 +0000] "GET /products HTTP/1.1" 404 147 "http://localhost:3000/swagger/api-docs/" "Mozilla/5.0 (Windows NT 10.0; Win64; x64) AppleWebKit/537.36 (KHTML, like Gecko) Chrome/79.0.3945.117 Safari/537.36"
::1 - - [14/Jan/2020:10:19:37 +0000] "GET /api/v1.0/users/1 HTTP/1.1" 500 184 "-" "PostmanRuntime/7.21.0"
::1 - - [14/Jan/2020:10:22:33 +0000] "POST /api/v1.0/signin HTTP/1.1" 401 34 "-" "PostmanRuntime/7.21.0"
::1 - - [14/Jan/2020:10:22:37 +0000] "POST /api/v1.0/signin HTTP/1.1" 401 34 "-" "PostmanRuntime/7.21.0"
::1 - - [14/Jan/2020:10:22:46 +0000] "GET /users/ HTTP/1.1" 404 145 "-" "PostmanRuntime/7.21.0"
::1 - - [14/Jan/2020:10:23:14 +0000] "POST /api/v1.0/registration HTTP/1.1" 401 41 "-" "PostmanRuntime/7.21.0"
::1 - - [14/Jan/2020:10:24:14 +0000] "GET /api/v1.0/user/5d0b3b411435cd166484debb HTTP/1.1" 404 43 "-" "PostmanRuntime/7.21.0"
::1 - - [14/Jan/2020:10:24:57 +0000] "POST /api/v1.0/refresh-tokens HTTP/1.1" 400 36 "-" "PostmanRuntime/7.21.0"
::1 - - [14/Jan/2020:10:38:27 +0000] "POST /api/v1.0/registration HTTP/1.1" 401 41 "-" "PostmanRuntime/7.21.0"
::1 - - [14/Jan/2020:10:38:33 +0000] "POST /api/v1.0/registration HTTP/1.1" 401 41 "-" "PostmanRuntime/7.21.0"
::1 - - [15/Jan/2020:12:51:11 +0000] "GET / HTTP/1.1" 404 139 "-" "Mozilla/5.0 (Windows NT 10.0; Win64; x64) AppleWebKit/537.36 (KHTML, like Gecko) Chrome/79.0.3945.117 Safari/537.36"
::1 - - [15/Jan/2020:12:51:45 +0000] "GET /favicon.ico HTTP/1.1" 404 150 "http://localhost:3000/api/v1.0/" "Mozilla/5.0 (Windows NT 10.0; Win64; x64) AppleWebKit/537.36 (KHTML, like Gecko) Chrome/79.0.3945.117 Safari/537.36"
::1 - - [15/Jan/2020:12:51:48 +0000] "GET /api/v1.0/asd HTTP/1.1" 404 43 "-" "Mozilla/5.0 (Windows NT 10.0; Win64; x64) AppleWebKit/537.36 (KHTML, like Gecko) Chrome/79.0.3945.117 Safari/537.36"
::1 - - [15/Jan/2020:13:03:24 +0000] "GET /api/v1.0/ HTTP/1.1" 500 2247 "-" "PostmanRuntime/7.21.0"
::1 - - [15/Jan/2020:13:06:41 +0000] "GET /api/v1.0/ HTTP/1.1" 500 2117 "-" "PostmanRuntime/7.21.0"
::1 - - [15/Jan/2020:13:33:49 +0000] "GET /api/v1.0/ HTTP/1.1" 404 43 "-" "PostmanRuntime/7.21.0"
::1 - - [15/Jan/2020:13:33:52 +0000] "GET /api/v1.0/ HTTP/1.1" 404 43 "-" "PostmanRuntime/7.21.0"
::1 - - [15/Jan/2020:13:33:58 +0000] "GET /api/v1.0/products/1 HTTP/1.1" 404 43 "-" "PostmanRuntime/7.21.0"
::1 - - [15/Jan/2020:13:34:06 +0000] "GET /api/v1.0/products/1 HTTP/1.1" 404 43 "-" "PostmanRuntime/7.21.0"
::1 - - [15/Jan/2020:13:34:10 +0000] "GET /api/v1.0/products/2 HTTP/1.1" 404 43 "-" "PostmanRuntime/7.21.0"
::1 - - [15/Jan/2020:13:34:13 +0000] "GET /api/v1.0/products/3 HTTP/1.1" 404 43 "-" "PostmanRuntime/7.21.0"
::1 - - [15/Jan/2020:13:34:34 +0000] "GET /api/v1.0/ HTTP/1.1" 404 43 "-" "PostmanRuntime/7.21.0"
::1 - - [15/Jan/2020:13:36:05 +0000] "GET /api/v1.0/users/ HTTP/1.1" 404 43 "-" "PostmanRuntime/7.21.0"
::1 - - [15/Jan/2020:13:36:16 +0000] "GET /api/v1.0/users/ HTTP/1.1" 404 43 "-" "PostmanRuntime/7.21.0"
::1 - - [15/Jan/2020:13:36:18 +0000] "GET /api/v1.0/users/ HTTP/1.1" 404 43 "-" "PostmanRuntime/7.21.0"
::1 - - [15/Jan/2020:13:36:21 +0000] "GET /api/v1.0/users HTTP/1.1" 404 43 "-" "PostmanRuntime/7.21.0"
::1 - - [15/Jan/2020:13:37:26 +0000] "GET /api/v1.0/ HTTP/1.1" 404 43 "-" "PostmanRuntime/7.21.0"
::1 - - [15/Jan/2020:13:37:31 +0000] "GET /api/v1.0/users/ HTTP/1.1" 404 43 "-" "PostmanRuntime/7.21.0"
::1 - - [15/Jan/2020:13:37:33 +0000] "GET /api/v1.0/users/1 HTTP/1.1" 404 43 "-" "PostmanRuntime/7.21.0"
::1 - - [15/Jan/2020:13:37:58 +0000] "POST /api/v1.0/signin HTTP/1.1" 404 43 "-" "PostmanRuntime/7.21.0"
::1 - - [15/Jan/2020:13:38:18 +0000] "POST /api/v1.0/auth/registration HTTP/1.1" 401 41 "-" "PostmanRuntime/7.21.0"
::1 - - [15/Jan/2020:13:38:39 +0000] "GET /api/v1.0/users/1 HTTP/1.1" 500 184 "-" "PostmanRuntime/7.21.0"
